[2026-03-20 14:33:40] 开始自动推送
[2026-03-20 14:33:40] 检测到代码修改
[master b71b77e] 自动推送: 2026-03-20 14:33:40
 4 files changed, 38 insertions(+)
 create mode 100644 git-push.log
 create mode 100755 git-push.sh
fatal: unable to access 'https://github.com/licjwork/workspace.git/': GnuTLS recv error (-110): The TLS connection was non-properly terminated.
[2026-03-20 15:09:58] 开始自动推送
[2026-03-20 15:09:58] 检测到代码修改
[master 558251d] 自动推送: 2026-03-20 15:09:58
 10 files changed, 176 insertions(+), 77 deletions(-)
 create mode 100755 auto-weibo-hotsearch.sh
 create mode 100755 auto-weibo-simple.sh
 create mode 100644 news-push.log
 create mode 100644 news.json
 create mode 100644 test-search.py
 delete mode 100644 web-navigation-system/frontend/frontend.pid
To https://github.com/licjwork/workspace.git
   599cadc..558251d  master -> master
[2026-03-20 15:10:01] 代码推送成功
[2026-03-20 15:10:01] 自动推送完成
[2026-03-21 01:00:01] 开始自动推送
[2026-03-21 01:00:01] 检测到代码修改
[master 589f214] 自动推送: 2026-03-21 01:00:01
 26 files changed, 797 insertions(+), 118 deletions(-)
 create mode 100755 auto-weibo-fix.sh
 create mode 100755 auto-weibo-format.sh
 create mode 100755 auto-weibo-with-feishu.sh
 create mode 100644 memory/heartbeat-state.json
 create mode 100755 message.sh
 create mode 100755 news-push-to-feishu-app.sh
 create mode 100755 news-push-to-feishu-final.sh
 create mode 100755 news-push-to-feishu-v2.sh
 create mode 100644 news-push-to-feishu.log
 create mode 100755 news-push-to-feishu.sh
 create mode 100755 test-feishu.sh
 create mode 100755 test-webhook.sh
 create mode 100644 web-navigation-system/database/backup/navigation_backup_20260320_232159.db
 create mode 100644 web-navigation-system/frontend/frontend.pid
 create mode 100644 web-navigation-system/serve.log
To https://github.com/licjwork/workspace.git
   558251d..589f214  master -> master
[2026-03-21 01:00:06] 代码推送成功
[2026-03-21 01:00:06] 自动推送完成
[2026-03-22 01:00:01] 开始自动推送
[2026-03-22 01:00:01] 检测到代码修改
