[2026-03-20 15:03:29] 微博热搜推送开始
微博热搜搜索结果已保存，共0条
准备发送微博热搜消息，共0条
[2026-03-20 15:03:44] 微博热搜推送完成
[2026-03-20 15:04:42] 微博热搜推送开始
微博热搜搜索结果已保存，共0条
准备发送微博热搜消息，共0条
消息内容: 🔥 **微博热搜榜**


🐕 来自狗蛋的实时热搜
[2026-03-20 15:04:44] 微博热搜推送完成
[2026-03-20 15:06:18] 微博热搜推送开始
搜索退出码: 0
[2026-03-20 15:06:20] 微博热搜推送完成
[2026-03-20 15:10:13] 微博热搜推送开始
搜索退出码: 0
[2026-03-20 15:10:14] 微博热搜推送完成
[2026-03-20 15:13:20] 微博热搜推送开始
搜索退出码: 0
[2026-03-20 15:13:22] 微博热搜推送完成
[2026-03-20 15:14:12] 微博热搜推送开始
搜索退出码: 0
搜索结果: Query: 微博热搜
Response time: 0.81s
Credits used: N/A

=== AI ANSWER ===
On March 14, 2026, TikTok and Meta were noted in the Financial Times for their algorithmic strategies to promote and exploit emotional content. The same day, Mexican artist Junior H captivated audiences at the Billboard House and The Stage at SXSW 2026, discussing his vulnerability and Disney obsession. He headlined the Billboard Presents THE STAGE, showcasing his emotional and impactful performances.

=== RESULTS ===

1. TikTok and Meta in algorithm race to promote and exploit rage - Financial Times
   URL: https://www.ft.com/content/a5833b06-414d-42a4-a8f1-c8b05901448e
   Score: 0.008
   # TikTok and Meta in algorithm race to promote and exploit rage. * TikTok and Meta in algorithm race to promote and exploit rage on x (opens in a new window). * TikTok and Meta in algorithm race to pr...

2. Junior H Talks Embracing Vulnerability, Disney Obsession at SXSW: ‘You Could Say I’m the Godfather of Sad Kids’ - billboard.com
   URL: https://www.billboard.com/music/latin/junior-h-sad-boy-interview-panel-billboard-house-sxsw-1236199334/
   Score: 0.008
   # Junior H Talks Embracing Vulnerability, Disney Obsession at SXSW: ‘You Could Say I’m the Godfather of Sad Kids’. After making waves with his most recent album, *DEPR3$$ED MFKZ*, his fifth release to...

3. Billboard Closes SXSW 2026 With Sold-Out Nights of Music, Conversations & Fan Experiences - Billboard
   URL: https://www.billboard.com/music/concerts/billboard-sxsw-2026-stage-house-recap-1236200867/
   Score: 0.007
   Don Toliver, Junior H & Mau P headlined Billboard Presents THE STAGE and took part in Superstar Q&As at Billboard House. *Billboard* wrapped its return to SXSW 2026 reaching more than 20,000 attendees...

4. Junior H Commands Emotion, Freedom and Pure $ad Boy Swagger at SXSW - Billboard
   URL: https://www.billboard.com/music/latin/junior-h-billboard-the-stage-sxsw-concert-review-1236199637/
   Score: 0.003
   # Junior H Commands Emotion, Freedom and Pure $ad Boy Swagger at SXSW. The Mexican superstar delivered an emotion-packed performance at the Moody Amphitheater on Saturday (March 14) at Billboard The S...

5. Don Toliver, Junior H & Mau P Rule Billboard House & The Stage at SXSW 2026: Best Photos - Billboard
   URL: https://www.billboard.com/photos/don-toliver-junior-h-mau-p-sxsw-billboard-house-stage-1236200129/
   Score: 0.003
   Don Toliver, Junior H and Mau P were among the stars to grace the Billboard House and The Stage @ SXSW 2026 with their presence in Austin, Texas, over the weekend of March 13-17. Corinne Bailey Rae an...

6. Miffed Zohran Mamdani scrapped CBS interview over Bari Weiss’ social media post: report - New York Post
   URL: https://nypost.com/2026/03/13/us-news/miffed-zohran-mamdani-scrapped-cbs-interview-over-bari-weiss-social-media-post-report/
   Score: 0.002
   # Miffed Zohran Mamdani scrapped CBS interview over Bari Weiss’ social media post: report. Mayor Zohran Mamdani’s touchy team reportedly scrapped a CBS News interview over a social media post by its c...

7. China's biggest names in tech are piling into the OpenClaw gold rush - Business Insider
   URL: https://www.businessinsider.com/china-big-tech-openclaw-lobster-gold-rush-tencent-alibaba-bytedance-2026-3
   Score: 0.002
   # China's biggest names in tech are piling into the OpenClaw gold rush. * China's biggest tech names all want a piece of OpenClaw. * OpenClaw took China by storm in recent weeks as the phrase "raising...

8. 'Chat, should I move to China?' Inside Gen Z's Far East obsession - Business Insider
   URL: https://www.businessinsider.com/gen-z-china-capitalism-infrastructure-trains-traditional-chinese-medicine-2026-3
   Score: 0.002
   "Western media will just tell you everything you see about China is propaganda because they don't want to admit how far we've fallen," Adams said in a video posted in October about his 10-day trip to ...

9. Kevin Woo on ‘KPop Demon Hunters’ Oscars Wins, BTS’ Comeback Album & More | Hot 100 Show - Billboard
   URL: https://www.billboard.com/video/kevin-woo-kpop-demon-hunters-oscars-win-bts-comeback-album/
   Score: 0.001
   # Kevin Woo on ‘KPop Demon Hunters’ Oscars Wins, BTS’ Comeback Album & More | Hot 100 Show. Kevin Woo dives into this week’s Billboard Hot 100! From the Oscars glow-up to BTS and their long-awaited co...

10. China's biggest names in tech are piling into the OpenClaw gold rush - AOL.com
   URL: https://www.aol.com/articles/chinas-biggest-names-tech-piling-084642735.html
   Score: 0.001
   # China's biggest names in tech are piling into the OpenClaw gold rush. * China's biggest tech names all want a piece of OpenClaw. * OpenClaw took China by storm in recent weeks as the phrase "raising...
微博热搜数据已生成，共10条
[2026-03-20 15:14:13] 微博热搜推送完成
[2026-03-20 15:19:19] 微博热搜推送开始
搜索退出码: 0
微博热搜数据已生成，格式与API匹配
[2026-03-20 15:19:20] 微博热搜推送完成
[2026-03-20 15:45:54] 微博热搜推送开始
搜索退出码: 0
已生成news.json文件
[2026-03-20 15:45:57] 微博热搜推送完成
[2026-03-20 15:47:16] 微博热搜推送开始
搜索退出码: 0
已生成news.json文件
[2026-03-20 15:47:19] 微博热搜推送完成
[2026-03-20 16:00:01] 微博热搜推送开始
搜索退出码: 0
已生成news.json文件
[2026-03-20 16:00:02] 微博热搜推送完成
[2026-03-20 17:39:45] 微博热搜推送开始
搜索退出码: 0
已生成news.json文件
[2026-03-20 17:39:49] 微博热搜推送完成
[2026-03-20 18:00:01] 微博热搜推送开始
搜索退出码: 0
已生成news.json文件
[2026-03-20 18:00:03] 微博热搜推送完成
[2026-03-20 18:02:46] 微博热搜推送开始
搜索退出码: 0
已生成news.json文件
[2026-03-20 18:02:48] 微博热搜推送完成
[2026-03-20 18:12:19] 微博热搜推送开始
搜索退出码: 0
已生成news.json文件
[2026-03-20 18:12:22] 微博热搜推送完成
[2026-03-20 18:15:54] 微博热搜推送开始
搜索退出码: 0
已生成news.json文件
[2026-03-20 18:15:55] 微博热搜推送完成
[2026-03-20 20:00:01] 微博热搜推送开始
搜索退出码: 0
已生成news.json文件
[2026-03-20 20:00:05] 微博热搜推送完成
[2026-03-20 20:23:54] 微博热搜推送开始
搜索退出码: 0
已生成news.json文件
[2026-03-20 20:23:56] 微博热搜推送完成
[2026-03-20 21:45:45] 微博热搜推送开始
搜索退出码: 0
已生成news.json文件
[2026-03-20 21:45:47] 微博热搜推送完成
[2026-03-20 22:00:01] 微博热搜推送开始
搜索退出码: 0
已生成news.json文件
[2026-03-20 22:00:02] 微博热搜推送完成
[2026-03-20 22:02:43] 微博热搜推送开始
搜索退出码: 0
已生成news.json文件
[2026-03-20 22:02:47] 微博热搜推送完成
[2026-03-20 22:27:36] 微博热搜推送开始
搜索退出码: 0
已生成news.json文件
[2026-03-20 22:27:42] 微博热搜推送完成
[2026-03-20 22:30:34] 微博热搜推送开始
搜索退出码: 0
已生成news.json文件
[2026-03-20 22:30:35] 微博热搜推送完成
[2026-03-20 22:31:34] 微博热搜推送开始
搜索退出码: 0
已生成news.json文件
[2026-03-20 22:31:36] 微博热搜推送完成
[2026-03-20 22:38:34] 微博热搜推送开始
搜索退出码: 0
已生成news.json文件
[2026-03-20 22:38:35] 微博热搜推送完成
[2026-03-20 22:48:08] 微博热搜推送开始
搜索退出码: 0
已生成news.json文件
[2026-03-20 22:48:09] 微博热搜推送完成
[2026-03-20 22:49:32] 微博热搜推送开始
搜索退出码: 0
已生成news.json文件
[2026-03-20 22:49:36] 微博热搜推送完成
[2026-03-21 00:00:01] 微博热搜推送开始
搜索退出码: 0
已生成news.json文件
[2026-03-21 00:00:04] 微博热搜推送完成
[2026-03-21 02:00:01] 微博热搜推送开始
搜索退出码: 0
已生成news.json文件
[2026-03-21 02:00:03] 微博热搜推送完成
[2026-03-21 04:00:01] 微博热搜推送开始
搜索退出码: 0
已生成news.json文件
[2026-03-21 04:00:03] 微博热搜推送完成
[2026-03-21 04:42:36] 中国科技新闻推送开始
搜索退出码: 0
已生成news.json文件
[2026-03-21 04:42:37] 中国科技新闻推送完成
[2026-03-21 04:44:41] 中国科技新闻推送开始
搜索退出码: 0
已生成news.json文件
[2026-03-21 04:44:43] 中国科技新闻推送完成
[2026-03-21 04:49:24] 中国科技新闻推送开始
搜索退出码: 0
已生成news.json文件
[2026-03-21 04:49:25] 中国科技新闻推送完成
[2026-03-21 05:35:51] 中国科技新闻推送开始
[2026-03-21 05:36:43] 中国科技新闻推送开始
[2026-03-21 05:38:30] 中国科技新闻推送开始
[2026-03-21 05:38:51] 中国科技新闻推送开始
[2026-03-21 05:41:38] 中国科技新闻推送开始
[2026-03-21 05:41:53] 中国科技新闻推送开始
[2026-03-21 05:42:49] 中国科技新闻推送开始
搜索退出码: 0
已生成news.json文件
[2026-03-21 05:42:50] 开始翻译新闻内容
🔄 开始翻译新闻内容...
📝 原文长度：632 字符
✅ 翻译成功完成
📝 译文长度：181 字符
✅ 翻译成功完成
✅ 翻译完成，结果已保存到：/home/ubuntu/.openclaw/workspace/news.json
[2026-03-21 05:42:54] 中国科技新闻推送完成
[2026-03-21 05:49:00] 中国科技新闻推送开始
搜索退出码: 0
已生成news.json文件
[2026-03-21 05:49:01] 开始翻译新闻内容
🔄 开始翻译新闻内容...
📝 原文长度：632 字符
✅ 翻译成功完成
📝 译文长度：178 字符
✅ 翻译成功完成
✅ 翻译完成，结果已保存到：/home/ubuntu/.openclaw/workspace/news.json
[2026-03-21 05:49:05] 中国科技新闻推送完成
[2026-03-21 05:52:04] 中国科技新闻推送开始
搜索退出码: 0
已生成news.json文件
[2026-03-21 05:52:06] 开始翻译新闻内容
🔄 开始翻译新闻内容...
📝 原文长度：723 字符
✅ 翻译成功完成
📝 译文长度：252 字符
✅ 翻译成功完成
✅ 翻译完成，结果已保存到：/home/ubuntu/.openclaw/workspace/news.json
[2026-03-21 05:52:10] 中国科技新闻推送完成
[2026-03-21 06:00:01] 中国科技新闻推送开始
搜索退出码: 0
已生成news.json文件
[2026-03-21 06:00:02] 开始翻译新闻内容
🔄 开始翻译新闻内容...
📝 原文长度：723 字符
✅ 翻译成功完成
📝 译文长度：235 字符
✅ 翻译成功完成
✅ 翻译完成，结果已保存到：/home/ubuntu/.openclaw/workspace/news.json
[2026-03-21 06:00:07] 中国科技新闻推送完成
[2026-03-21 06:12:31] 国际最新新闻推送开始
搜索退出码: 0
已生成news.json文件
[2026-03-21 06:12:32] 开始翻译新闻内容
🔄 开始翻译新闻内容...
📝 原文长度：723 字符
✅ 翻译成功完成
📝 译文长度：253 字符
✅ 翻译成功完成
✅ 翻译成功完成
✅ 翻译完成，结果已保存到：/home/ubuntu/.openclaw/workspace/news.json
[2026-03-21 06:12:37] 国际最新新闻推送完成
[2026-03-21 06:13:50] 国际最新新闻推送开始
搜索退出码: 0
已生成news.json文件
[2026-03-21 06:13:51] 开始翻译新闻内容
🔄 开始翻译新闻内容...
📝 原文长度：723 字符
✅ 翻译成功完成
📝 译文长度：253 字符
✅ 翻译成功完成
✅ 翻译完成，结果已保存到：/home/ubuntu/.openclaw/workspace/news.json
[2026-03-21 06:13:55] 国际最新新闻推送完成
[2026-03-21 06:16:38] 国际最新新闻推送开始
搜索退出码: 0
已生成news.json文件
[2026-03-21 06:16:39] 开始翻译新闻内容
🔄 开始翻译新闻内容...
📝 原文长度：723 字符
✅ 翻译成功完成
📝 译文长度：250 字符
✅ 翻译成功完成
✅ 翻译完成，结果已保存到：/home/ubuntu/.openclaw/workspace/news.json
[2026-03-21 06:16:43] 国际最新新闻推送完成
[2026-03-21 06:19:39] 国际最新新闻推送开始
搜索退出码: 0
解析到 3 条新闻
已生成news.json文件
[2026-03-21 06:19:41] 开始翻译新闻内容
🔄 开始翻译新闻内容...
📝 原文长度：723 字符
✅ 翻译成功完成
📝 译文长度：236 字符
✅ 翻译成功完成
✅ 翻译成功完成
✅ 翻译成功完成
✅ 翻译完成，结果已保存到：/home/ubuntu/.openclaw/workspace/news.json
[2026-03-21 06:19:47] 国际最新新闻推送完成
[2026-03-21 06:21:34] 国际最新新闻推送开始
搜索退出码: 0
解析到 3 条新闻
已生成news.json文件
[2026-03-21 06:21:35] 开始翻译新闻内容
🔄 开始翻译新闻内容...
📝 原文长度：723 字符
✅ 翻译成功完成
📝 译文长度：253 字符
✅ 翻译成功完成
✅ 翻译成功完成
✅ 翻译成功完成
✅ 翻译完成，结果已保存到：/home/ubuntu/.openclaw/workspace/news.json
[2026-03-21 06:21:45] 国际最新新闻推送完成
[2026-03-21 06:50:59] 国际最新新闻推送开始（10条）
搜索退出码: 0
解析到 9 条新闻
已生成news.json文件
[2026-03-21 06:51:00] 开始翻译新闻内容（10条）
🔄 开始翻译新闻内容...
📝 原文长度：771 字符
✅ 翻译成功完成
📝 译文长度：209 字符
✅ 翻译成功完成
✅ 翻译成功完成
✅ 翻译成功完成
✅ 翻译成功完成
✅ 翻译成功完成
✅ 翻译成功完成
✅ 翻译成功完成
✅ 翻译成功完成
✅ 翻译成功完成
✅ 翻译完成，结果已保存到：/home/ubuntu/.openclaw/workspace/news.json
[2026-03-21 06:51:12] 国际最新新闻推送完成（10条）
[2026-03-21 06:54:17] 国际最新新闻推送开始（10条）
搜索退出码: 0
解析到 9 条新闻
已生成news.json文件
[2026-03-21 06:54:18] 开始翻译新闻内容（10条）
🔄 开始翻译新闻内容...
📝 原文长度：771 字符
✅ 翻译成功完成
📝 译文长度：207 字符
✅ 翻译成功完成
✅ 翻译成功完成
✅ 翻译成功完成
✅ 翻译成功完成
✅ 翻译成功完成
✅ 翻译成功完成
✅ 翻译成功完成
✅ 翻译成功完成
✅ 翻译成功完成
✅ 翻译完成，结果已保存到：/home/ubuntu/.openclaw/workspace/news.json
[2026-03-21 06:54:31] 国际最新新闻推送完成（10条）
[2026-03-21 07:09:21] 国际最新新闻推送开始（10条）
搜索退出码: 0
解析到 9 条新闻
已生成news.json文件
[2026-03-21 07:09:22] 开始翻译新闻内容（10条）
🔄 开始翻译新闻内容...
📝 原文长度：771 字符
✅ 翻译成功完成
📝 译文长度：210 字符
✅ 翻译成功完成
✅ 翻译成功完成
✅ 翻译成功完成
✅ 翻译成功完成
✅ 翻译成功完成
✅ 翻译成功完成
✅ 翻译成功完成
✅ 翻译成功完成
✅ 翻译成功完成
✅ 翻译完成，结果已保存到：/home/ubuntu/.openclaw/workspace/news.json
[2026-03-21 07:09:35] 国际最新新闻推送完成（10条）
[2026-03-21 07:10:55] 国际最新新闻推送开始（10条）
搜索退出码: 0
解析到 9 条新闻
已生成news.json文件
[2026-03-21 07:10:57] 开始翻译新闻内容（10条）
🔄 开始翻译新闻内容...
📝 原文长度：771 字符
✅ 翻译成功完成
📝 译文长度：213 字符
✅ 翻译成功完成
✅ 翻译成功完成
✅ 翻译成功完成
✅ 翻译成功完成
✅ 翻译成功完成
✅ 翻译成功完成
✅ 翻译成功完成
✅ 翻译成功完成
✅ 翻译成功完成
✅ 翻译完成，结果已保存到：/home/ubuntu/.openclaw/workspace/news.json
[2026-03-21 07:11:08] 国际最新新闻推送完成（10条）
[2026-03-21 07:13:29] 国际最新新闻推送开始（10条）
搜索退出码: 0
解析到 9 条新闻
已生成news.json文件
[2026-03-21 07:13:30] 开始翻译新闻内容（10条）
🔄 开始翻译新闻内容...
📝 原文长度：771 字符
✅ 翻译成功完成
📝 译文长度：209 字符
✅ 翻译成功完成
✅ 翻译成功完成
✅ 翻译成功完成
✅ 翻译成功完成
✅ 翻译成功完成
✅ 翻译成功完成
✅ 翻译成功完成
✅ 翻译成功完成
✅ 翻译成功完成
✅ 翻译完成，结果已保存到：/home/ubuntu/.openclaw/workspace/news.json
[2026-03-21 07:13:46] 国际最新新闻推送完成（10条）
[2026-03-21 07:15:46] 国际最新新闻推送开始（10条）
搜索退出码: 0
解析到 9 条新闻
已生成news.json文件
[2026-03-21 07:15:47] 开始翻译新闻内容（10条）
🔄 开始翻译新闻内容...
📝 原文长度：771 字符
✅ 翻译成功完成
📝 译文长度：204 字符
✅ 翻译成功完成
✅ 翻译成功完成
✅ 翻译成功完成
✅ 翻译成功完成
✅ 翻译成功完成
✅ 翻译成功完成
✅ 翻译成功完成
✅ 翻译成功完成
❌ 翻译请求失败，状态码：400
错误信息：{"error":{"code":"security_audit_fail","message":"模型返回内容中有违规内容，已暂停输出","type":"security_error"}}
✅ 翻译完成，结果已保存到：/home/ubuntu/.openclaw/workspace/news.json
[2026-03-21 07:15:58] 国际最新新闻推送完成（10条）
[2026-03-21 08:00:01] 国际最新新闻推送开始（10条）
搜索退出码: 0
解析到 9 条新闻
已生成news.json文件
[2026-03-21 08:00:03] 开始翻译新闻内容（10条）
🔄 开始翻译新闻内容...
📝 原文长度：819 字符
✅ 翻译成功完成
📝 译文长度：228 字符
✅ 翻译成功完成
✅ 翻译成功完成
✅ 翻译成功完成
✅ 翻译成功完成
✅ 翻译成功完成
✅ 翻译成功完成
✅ 翻译成功完成
✅ 翻译成功完成
❌ 翻译请求失败，状态码：400
错误信息：{"error":{"code":"security_audit_fail","message":"模型返回内容中有违规内容，已暂停输出","type":"security_error"}}
✅ 翻译完成，结果已保存到：/home/ubuntu/.openclaw/workspace/news.json
[2026-03-21 08:00:16] 国际最新新闻推送完成（10条）
[2026-03-21 08:31:04] 国际最新新闻推送开始（10条）
搜索退出码: 0
解析到 9 条新闻
已生成news.json文件
[2026-03-21 08:31:07] 开始翻译新闻内容（10条）
🔄 开始翻译新闻内容...
📝 原文长度：726 字符
✅ 翻译成功完成
📝 译文长度：237 字符
✅ 翻译成功完成
✅ 翻译成功完成
✅ 翻译成功完成
✅ 翻译成功完成
✅ 翻译成功完成
✅ 翻译成功完成
✅ 翻译成功完成
✅ 翻译成功完成
❌ 翻译请求失败，状态码：400
错误信息：{"error":{"code":"security_audit_fail","message":"模型返回内容中有违规内容，已暂停输出","type":"security_error"}}
✅ 翻译完成，结果已保存到：/home/ubuntu/.openclaw/workspace/news.json
[2026-03-21 08:31:25] 国际最新新闻推送完成（10条）
[2026-03-21 10:00:01] 国际最新新闻推送开始（10条）
搜索退出码: 0
解析到 9 条新闻
已生成news.json文件
[2026-03-21 10:00:03] 开始翻译新闻内容（10条）
🔄 开始翻译新闻内容...
📝 原文长度：666 字符
✅ 翻译成功完成
📝 译文长度：183 字符
✅ 翻译成功完成
✅ 翻译成功完成
✅ 翻译成功完成
✅ 翻译成功完成
✅ 翻译成功完成
✅ 翻译成功完成
✅ 翻译成功完成
✅ 翻译成功完成
❌ 翻译请求失败，状态码：400
错误信息：{"error":{"code":"security_audit_fail","message":"模型返回内容中有违规内容，已暂停输出","type":"security_error"}}
✅ 翻译完成，结果已保存到：/home/ubuntu/.openclaw/workspace/news.json
[2026-03-21 10:00:43] 国际最新新闻推送完成（10条）
[2026-03-21 10:02:13] 国际最新新闻推送开始（10条）
搜索退出码: 0
解析到 9 条新闻
已生成news.json文件
[2026-03-21 10:02:14] 开始翻译新闻内容（10条）
🔄 开始翻译新闻内容...
📝 原文长度：666 字符
✅ 翻译成功完成
📝 译文长度：188 字符
✅ 翻译成功完成
✅ 翻译成功完成
✅ 翻译成功完成
✅ 翻译成功完成
✅ 翻译成功完成
✅ 翻译成功完成
✅ 翻译成功完成
✅ 翻译成功完成
❌ 翻译请求失败，状态码：400
错误信息：{"error":{"code":"security_audit_fail","message":"模型返回内容中有违规内容，已暂停输出","type":"security_error"}}
✅ 翻译完成，结果已保存到：/home/ubuntu/.openclaw/workspace/news.json
[2026-03-21 10:02:29] 国际最新新闻推送完成（10条）
[2026-03-21 11:11:38] 国际最新新闻推送开始（10条）
搜索退出码: 0
解析到 9 条新闻
已生成news.json文件
[2026-03-21 11:11:40] 开始翻译新闻列表内容（10条）
🔄 开始翻译新闻内容...
📝 原文长度：67 字符
✅ 翻译成功完成
📝 译文长度：51 字符
✅ 翻译成功完成
✅ 翻译成功完成
✅ 翻译成功完成
✅ 翻译成功完成
✅ 翻译成功完成
✅ 翻译成功完成
✅ 翻译成功完成
✅ 翻译成功完成
❌ 翻译请求失败，状态码：400
错误信息：{"error":{"code":"security_audit_fail","message":"模型返回内容中有违规内容，已暂停输出","type":"security_error"}}
✅ 翻译完成，结果已保存到：/home/ubuntu/.openclaw/workspace/news.json
[2026-03-21 11:11:51] 国际最新新闻推送完成（10条）
[2026-03-21 11:19:12] 国际最新新闻推送开始（10条）
搜索退出码: 0
解析到 9 条新闻
已生成news.json文件
[2026-03-21 11:19:13] 开始翻译新闻列表内容（10条）
🔄 开始翻译新闻内容...
📝 原文长度：67 字符
✅ 翻译成功完成
📝 译文长度：69 字符
✅ 翻译成功完成
✅ 翻译成功完成
✅ 翻译成功完成
✅ 翻译成功完成
✅ 翻译成功完成
✅ 翻译成功完成
✅ 翻译成功完成
✅ 翻译成功完成
❌ 翻译请求失败，状态码：400
错误信息：{"error":{"code":"security_audit_fail","message":"模型返回内容中有违规内容，已暂停输出","type":"security_error"}}
✅ 翻译完成，结果已保存到：/home/ubuntu/.openclaw/workspace/news.json
[2026-03-21 11:19:33] 国际最新新闻推送完成（10条）
[2026-03-21 11:26:43] 国际最新新闻推送开始（10条）
搜索退出码: 0
解析到 9 条新闻
已生成news.json文件
[2026-03-21 11:26:45] 开始翻译新闻列表内容（10条）
🔄 开始翻译新闻内容...
📝 原文长度：67 字符
✅ 翻译成功完成
📝 译文长度：67 字符
✅ 翻译成功完成
✅ 翻译成功完成
✅ 翻译成功完成
✅ 翻译成功完成
✅ 翻译成功完成
✅ 翻译成功完成
✅ 翻译成功完成
✅ 翻译成功完成
❌ 翻译请求失败，状态码：400
错误信息：{"error":{"code":"security_audit_fail","message":"模型返回内容中有违规内容，已暂停输出","type":"security_error"}}
✅ 翻译完成，结果已保存到：/home/ubuntu/.openclaw/workspace/news.json
[2026-03-21 11:27:07] 国际最新新闻推送完成（10条）
[2026-03-21 12:00:01] 国际最新新闻推送开始（10条）
搜索退出码: 0
解析到 9 条新闻
已生成news.json文件
[2026-03-21 12:00:04] 开始翻译新闻列表内容（10条）
🔄 开始翻译新闻内容...
📝 原文长度：67 字符
✅ 翻译成功完成
📝 译文长度：51 字符
✅ 翻译成功完成
✅ 翻译成功完成
✅ 翻译成功完成
✅ 翻译成功完成
✅ 翻译成功完成
✅ 翻译成功完成
✅ 翻译成功完成
✅ 翻译成功完成
✅ 翻译成功完成
✅ 翻译完成，结果已保存到：/home/ubuntu/.openclaw/workspace/news.json
[2026-03-21 12:00:26] 国际最新新闻推送完成（10条）
[2026-03-21 12:47:30] 国际最新新闻推送开始（10条）
搜索退出码: 0
解析到 9 条新闻
已生成news.json文件
[2026-03-21 12:47:32] 开始翻译新闻列表内容（10条）
🔄 开始翻译新闻内容...
📝 原文长度：67 字符
✅ 翻译成功完成
📝 译文长度：67 字符
✅ 翻译成功完成
✅ 翻译成功完成
✅ 翻译成功完成
✅ 翻译成功完成
✅ 翻译成功完成
✅ 翻译成功完成
✅ 翻译成功完成
✅ 翻译成功完成
✅ 翻译成功完成
✅ 翻译完成，结果已保存到：/home/ubuntu/.openclaw/workspace/news.json
[2026-03-21 12:47:44] 国际最新新闻推送完成（10条）
[2026-03-21 13:11:55] 国际最新新闻推送开始（10条）
搜索退出码: 0
解析到 9 条新闻
已生成news.json文件
[2026-03-21 13:11:58] 国际最新新闻推送完成（10条）
[2026-03-21 13:19:01] 国际最新新闻推送开始（10条）
搜索退出码: 0
[2026-03-21 13:21:02] 国际最新新闻推送开始（10条）
搜索退出码: 0
解析到 10 条新闻
已生成news.json文件
[2026-03-21 13:21:05] 国际最新新闻推送完成（10条）
[2026-03-21 13:26:46] 国际最新新闻推送开始（10条）
搜索退出码: 0
解析到 10 条新闻
已生成news.json文件
[2026-03-21 13:26:48] 国际最新新闻推送完成（10条）
[2026-03-21 13:59:24] 国际最新新闻推送开始（10条）
搜索退出码: 0
[2026-03-21 14:00:01] 国际最新新闻推送开始（10条）
搜索退出码: 0
[2026-03-21 14:01:23] 国际最新新闻推送开始（10条）
搜索退出码: 0
解析到 1 条新闻
已生成news.json文件
[2026-03-21 14:01:28] 国际最新新闻推送完成（10条）
[2026-03-21 14:09:48] 国际最新新闻推送开始（10条）
搜索退出码: 0
解析到 10 条新闻
已生成news.json文件
[2026-03-21 14:10:41] 国际最新新闻推送完成（10条）
[2026-03-21 14:22:57] 国际最新新闻推送开始（10条）
搜索退出码: 0
解析到 10 条新闻
已生成news.json文件
[2026-03-21 14:23:43] 国际最新新闻推送完成（10条）
[2026-03-21 14:28:29] 国际最新新闻推送开始（10条）
搜索退出码: 0
解析到 10 条新闻
已生成news.json文件
[2026-03-21 14:29:00] 国际最新新闻推送完成（10条）
[2026-03-21 16:00:01] 国际最新新闻推送开始（10条）
搜索退出码: 0
解析到 10 条新闻
已生成news.json文件
[2026-03-21 16:00:49] 国际最新新闻推送完成（10条）
[2026-03-21 17:11:21] 国际最新新闻推送开始（10条）
搜索退出码: 0
解析到 9 条新闻
已生成news.json文件
[2026-03-21 17:11:25] 国际最新新闻推送完成（10条）
[2026-03-21 17:29:17] 国际最新新闻推送开始（10条）
搜索退出码: 0
解析到 10 条新闻
已生成news.json文件
[2026-03-21 17:29:56] 国际最新新闻推送完成（10条）
[2026-03-21 17:32:36] 国际最新新闻推送开始（10条）
搜索退出码: 0
解析到 10 条新闻
已生成news.json文件
[2026-03-21 17:33:00] 国际最新新闻推送完成（10条）
[2026-03-21 17:49:27] 国际最新新闻推送开始（10条）
搜索退出码: 0
解析到 10 条新闻
已生成news.json文件
[2026-03-21 17:49:56] 国际最新新闻推送完成（10条）
[2026-03-21 17:51:44] 国际最新新闻推送开始（10条）
搜索退出码: 0
解析到 10 条新闻
已生成news.json文件
[2026-03-21 17:52:04] 国际最新新闻推送完成（10条）
[2026-03-21 17:54:07] 国际最新新闻推送开始（10条）
搜索退出码: 0
解析到 10 条新闻
已生成news.json文件
[2026-03-21 17:54:58] 国际最新新闻推送完成（10条）
[2026-03-21 17:58:12] 国际最新新闻推送开始（10条）
搜索退出码: 0
解析到 10 条新闻
已生成news.json文件
[2026-03-21 17:58:39] 国际最新新闻推送完成（10条）
[2026-03-21 18:00:01] 国际最新新闻推送开始（10条）
搜索退出码: 0
解析到 10 条新闻
已生成news.json文件
[2026-03-21 18:00:36] 国际最新新闻推送完成（10条）
[2026-03-21 18:02:35] 国际最新新闻推送开始（10条）
搜索退出码: 0
解析到 10 条新闻
已生成news.json文件
[2026-03-21 18:03:08] 国际最新新闻推送完成（10条）
[2026-03-21 20:00:01] 国际最新新闻推送开始（10条）
搜索退出码: 0
解析到 10 条新闻
已生成news.json文件
[2026-03-21 20:00:30] 国际最新新闻推送完成（10条）
[2026-03-21 22:00:01] 国际最新新闻推送开始（10条）
搜索退出码: 0
解析到 10 条新闻
已生成news.json文件
[2026-03-21 22:00:19] 国际最新新闻推送完成（10条）
[2026-03-22 00:00:01] 国际最新新闻推送开始（10条）
搜索退出码: 0
解析到 10 条新闻
已生成news.json文件
[2026-03-22 00:00:27] 国际最新新闻推送完成（10条）
[2026-03-22 00:05:25] 国际最新新闻推送开始（10条）
搜索退出码: 0
解析到 10 条新闻
已生成news.json文件
[2026-03-22 00:05:38] 国际最新新闻推送完成（10条）
[2026-03-22 00:09:41] 国际最新新闻推送开始（10条）
搜索退出码: 0
解析到 9 条新闻
已生成news.json文件
[2026-03-22 00:09:42] 国际最新新闻推送完成（10条）
