🐕 狗蛋导航系统后端服务启动中...
📊 API地址: http://localhost:5000
🔧 调试模式: 开启
 * Serving Flask app 'app'
 * Debug mode: on
[31m[1mWARNING: This is a development server. Do not use it in a production deployment. Use a production WSGI server instead.[0m
 * Running on all addresses (0.0.0.0)
 * Running on http://127.0.0.1:5000
 * Running on http://10.2.24.8:5000
[33mPress CTRL+C to quit[0m
 * Restarting with stat
 * Debugger is active!
 * Debugger PIN: 134-793-681
127.0.0.1 - - [14/Mar/2026 15:55:26] "GET /api/sites HTTP/1.1" 200 -
127.0.0.1 - - [14/Mar/2026 15:55:44] "GET /api/sites HTTP/1.1" 200 -
127.0.0.1 - - [14/Mar/2026 15:55:47] "[35m[1mPOST /api/favorites HTTP/1.1[0m" 500 -
Traceback (most recent call last):
  File "/home/ubuntu/.openclaw/workspace/web-navigation-system/backend/venv/lib/python3.12/site-packages/flask/app.py", line 2213, in __call__
    return self.wsgi_app(environ, start_response)
           ^^^^^^^^^^^^^^^^^^^^^^^^^^^^^^^^^^^^^^
  File "/home/ubuntu/.openclaw/workspace/web-navigation-system/backend/venv/lib/python3.12/site-packages/flask/app.py", line 2193, in wsgi_app
    response = self.handle_exception(e)
               ^^^^^^^^^^^^^^^^^^^^^^^^
  File "/home/ubuntu/.openclaw/workspace/web-navigation-system/backend/venv/lib/python3.12/site-packages/flask_cors/extension.py", line 176, in wrapped_function
    return cors_after_request(app.make_response(f(*args, **kwargs)))
                                                ^^^^^^^^^^^^^^^^^^^^
  File "/home/ubuntu/.openclaw/workspace/web-navigation-system/backend/venv/lib/python3.12/site-packages/flask/app.py", line 2190, in wsgi_app
    response = self.full_dispatch_request()
               ^^^^^^^^^^^^^^^^^^^^^^^^^^^^
  File "/home/ubuntu/.openclaw/workspace/web-navigation-system/backend/venv/lib/python3.12/site-packages/flask/app.py", line 1486, in full_dispatch_request
    rv = self.handle_user_exception(e)
         ^^^^^^^^^^^^^^^^^^^^^^^^^^^^^
  File "/home/ubuntu/.openclaw/workspace/web-navigation-system/backend/venv/lib/python3.12/site-packages/flask_cors/extension.py", line 176, in wrapped_function
    return cors_after_request(app.make_response(f(*args, **kwargs)))
                                                ^^^^^^^^^^^^^^^^^^^^
  File "/home/ubuntu/.openclaw/workspace/web-navigation-system/backend/venv/lib/python3.12/site-packages/flask/app.py", line 1484, in full_dispatch_request
    rv = self.dispatch_request()
         ^^^^^^^^^^^^^^^^^^^^^^^
  File "/home/ubuntu/.openclaw/workspace/web-navigation-system/backend/venv/lib/python3.12/site-packages/flask/app.py", line 1469, in dispatch_request
    return self.ensure_sync(self.view_functions[rule.endpoint])(**view_args)
           ^^^^^^^^^^^^^^^^^^^^^^^^^^^^^^^^^^^^^^^^^^^^^^^^^^^^^^^^^^^^^^^^^
  File "/home/ubuntu/.openclaw/workspace/web-navigation-system/backend/app.py", line 247, in add_favorite
    cursor.execute('SELECT id FROM favorites WHERE site_id = ? AND user_id = ?',
sqlite3.OperationalError: no such table: favorites
127.0.0.1 - - [14/Mar/2026 15:55:52] "[35m[1mPOST /api/favorites HTTP/1.1[0m" 500 -
Traceback (most recent call last):
  File "/home/ubuntu/.openclaw/workspace/web-navigation-system/backend/venv/lib/python3.12/site-packages/flask/app.py", line 2213, in __call__
    return self.wsgi_app(environ, start_response)
           ^^^^^^^^^^^^^^^^^^^^^^^^^^^^^^^^^^^^^^
  File "/home/ubuntu/.openclaw/workspace/web-navigation-system/backend/venv/lib/python3.12/site-packages/flask/app.py", line 2193, in wsgi_app
    response = self.handle_exception(e)
               ^^^^^^^^^^^^^^^^^^^^^^^^
  File "/home/ubuntu/.openclaw/workspace/web-navigation-system/backend/venv/lib/python3.12/site-packages/flask_cors/extension.py", line 176, in wrapped_function
    return cors_after_request(app.make_response(f(*args, **kwargs)))
                                                ^^^^^^^^^^^^^^^^^^^^
  File "/home/ubuntu/.openclaw/workspace/web-navigation-system/backend/venv/lib/python3.12/site-packages/flask/app.py", line 2190, in wsgi_app
    response = self.full_dispatch_request()
               ^^^^^^^^^^^^^^^^^^^^^^^^^^^^
  File "/home/ubuntu/.openclaw/workspace/web-navigation-system/backend/venv/lib/python3.12/site-packages/flask/app.py", line 1486, in full_dispatch_request
    rv = self.handle_user_exception(e)
         ^^^^^^^^^^^^^^^^^^^^^^^^^^^^^
  File "/home/ubuntu/.openclaw/workspace/web-navigation-system/backend/venv/lib/python3.12/site-packages/flask_cors/extension.py", line 176, in wrapped_function
    return cors_after_request(app.make_response(f(*args, **kwargs)))
                                                ^^^^^^^^^^^^^^^^^^^^
  File "/home/ubuntu/.openclaw/workspace/web-navigation-system/backend/venv/lib/python3.12/site-packages/flask/app.py", line 1484, in full_dispatch_request
    rv = self.dispatch_request()
         ^^^^^^^^^^^^^^^^^^^^^^^
  File "/home/ubuntu/.openclaw/workspace/web-navigation-system/backend/venv/lib/python3.12/site-packages/flask/app.py", line 1469, in dispatch_request
    return self.ensure_sync(self.view_functions[rule.endpoint])(**view_args)
           ^^^^^^^^^^^^^^^^^^^^^^^^^^^^^^^^^^^^^^^^^^^^^^^^^^^^^^^^^^^^^^^^^
  File "/home/ubuntu/.openclaw/workspace/web-navigation-system/backend/app.py", line 247, in add_favorite
    cursor.execute('SELECT id FROM favorites WHERE site_id = ? AND user_id = ?',
sqlite3.OperationalError: no such table: favorites
127.0.0.1 - - [14/Mar/2026 15:55:54] "[35m[1mGET /api/favorites HTTP/1.1[0m" 500 -
Traceback (most recent call last):
  File "/home/ubuntu/.openclaw/workspace/web-navigation-system/backend/venv/lib/python3.12/site-packages/flask/app.py", line 2213, in __call__
    return self.wsgi_app(environ, start_response)
           ^^^^^^^^^^^^^^^^^^^^^^^^^^^^^^^^^^^^^^
  File "/home/ubuntu/.openclaw/workspace/web-navigation-system/backend/venv/lib/python3.12/site-packages/flask/app.py", line 2193, in wsgi_app
    response = self.handle_exception(e)
               ^^^^^^^^^^^^^^^^^^^^^^^^
  File "/home/ubuntu/.openclaw/workspace/web-navigation-system/backend/venv/lib/python3.12/site-packages/flask_cors/extension.py", line 176, in wrapped_function
    return cors_after_request(app.make_response(f(*args, **kwargs)))
                                                ^^^^^^^^^^^^^^^^^^^^
  File "/home/ubuntu/.openclaw/workspace/web-navigation-system/backend/venv/lib/python3.12/site-packages/flask/app.py", line 2190, in wsgi_app
    response = self.full_dispatch_request()
               ^^^^^^^^^^^^^^^^^^^^^^^^^^^^
  File "/home/ubuntu/.openclaw/workspace/web-navigation-system/backend/venv/lib/python3.12/site-packages/flask/app.py", line 1486, in full_dispatch_request
    rv = self.handle_user_exception(e)
         ^^^^^^^^^^^^^^^^^^^^^^^^^^^^^
  File "/home/ubuntu/.openclaw/workspace/web-navigation-system/backend/venv/lib/python3.12/site-packages/flask_cors/extension.py", line 176, in wrapped_function
    return cors_after_request(app.make_response(f(*args, **kwargs)))
                                                ^^^^^^^^^^^^^^^^^^^^
  File "/home/ubuntu/.openclaw/workspace/web-navigation-system/backend/venv/lib/python3.12/site-packages/flask/app.py", line 1484, in full_dispatch_request
    rv = self.dispatch_request()
         ^^^^^^^^^^^^^^^^^^^^^^^
  File "/home/ubuntu/.openclaw/workspace/web-navigation-system/backend/venv/lib/python3.12/site-packages/flask/app.py", line 1469, in dispatch_request
    return self.ensure_sync(self.view_functions[rule.endpoint])(**view_args)
           ^^^^^^^^^^^^^^^^^^^^^^^^^^^^^^^^^^^^^^^^^^^^^^^^^^^^^^^^^^^^^^^^^
  File "/home/ubuntu/.openclaw/workspace/web-navigation-system/backend/app.py", line 293, in get_favorites
    cursor.execute('''
sqlite3.OperationalError: no such table: favorites
127.0.0.1 - - [14/Mar/2026 15:55:58] "[35m[1mGET /api/favorites/1 HTTP/1.1[0m" 500 -
Traceback (most recent call last):
  File "/home/ubuntu/.openclaw/workspace/web-navigation-system/backend/venv/lib/python3.12/site-packages/flask/app.py", line 2213, in __call__
    return self.wsgi_app(environ, start_response)
           ^^^^^^^^^^^^^^^^^^^^^^^^^^^^^^^^^^^^^^
  File "/home/ubuntu/.openclaw/workspace/web-navigation-system/backend/venv/lib/python3.12/site-packages/flask/app.py", line 2193, in wsgi_app
    response = self.handle_exception(e)
               ^^^^^^^^^^^^^^^^^^^^^^^^
  File "/home/ubuntu/.openclaw/workspace/web-navigation-system/backend/venv/lib/python3.12/site-packages/flask_cors/extension.py", line 176, in wrapped_function
    return cors_after_request(app.make_response(f(*args, **kwargs)))
                                                ^^^^^^^^^^^^^^^^^^^^
  File "/home/ubuntu/.openclaw/workspace/web-navigation-system/backend/venv/lib/python3.12/site-packages/flask/app.py", line 2190, in wsgi_app
    response = self.full_dispatch_request()
               ^^^^^^^^^^^^^^^^^^^^^^^^^^^^
  File "/home/ubuntu/.openclaw/workspace/web-navigation-system/backend/venv/lib/python3.12/site-packages/flask/app.py", line 1486, in full_dispatch_request
    rv = self.handle_user_exception(e)
         ^^^^^^^^^^^^^^^^^^^^^^^^^^^^^
  File "/home/ubuntu/.openclaw/workspace/web-navigation-system/backend/venv/lib/python3.12/site-packages/flask_cors/extension.py", line 176, in wrapped_function
    return cors_after_request(app.make_response(f(*args, **kwargs)))
                                                ^^^^^^^^^^^^^^^^^^^^
  File "/home/ubuntu/.openclaw/workspace/web-navigation-system/backend/venv/lib/python3.12/site-packages/flask/app.py", line 1484, in full_dispatch_request
    rv = self.dispatch_request()
         ^^^^^^^^^^^^^^^^^^^^^^^
  File "/home/ubuntu/.openclaw/workspace/web-navigation-system/backend/venv/lib/python3.12/site-packages/flask/app.py", line 1469, in dispatch_request
    return self.ensure_sync(self.view_functions[rule.endpoint])(**view_args)
           ^^^^^^^^^^^^^^^^^^^^^^^^^^^^^^^^^^^^^^^^^^^^^^^^^^^^^^^^^^^^^^^^^
  File "/home/ubuntu/.openclaw/workspace/web-navigation-system/backend/app.py", line 326, in check_favorite
    cursor.execute('SELECT id FROM favorites WHERE site_id = ? AND user_id = ?',
sqlite3.OperationalError: no such table: favorites
127.0.0.1 - - [14/Mar/2026 15:56:02] "[35m[1mDELETE /api/favorites/1 HTTP/1.1[0m" 500 -
Traceback (most recent call last):
  File "/home/ubuntu/.openclaw/workspace/web-navigation-system/backend/venv/lib/python3.12/site-packages/flask/app.py", line 2213, in __call__
    return self.wsgi_app(environ, start_response)
           ^^^^^^^^^^^^^^^^^^^^^^^^^^^^^^^^^^^^^^
  File "/home/ubuntu/.openclaw/workspace/web-navigation-system/backend/venv/lib/python3.12/site-packages/flask/app.py", line 2193, in wsgi_app
    response = self.handle_exception(e)
               ^^^^^^^^^^^^^^^^^^^^^^^^
  File "/home/ubuntu/.openclaw/workspace/web-navigation-system/backend/venv/lib/python3.12/site-packages/flask_cors/extension.py", line 176, in wrapped_function
    return cors_after_request(app.make_response(f(*args, **kwargs)))
                                                ^^^^^^^^^^^^^^^^^^^^
  File "/home/ubuntu/.openclaw/workspace/web-navigation-system/backend/venv/lib/python3.12/site-packages/flask/app.py", line 2190, in wsgi_app
    response = self.full_dispatch_request()
               ^^^^^^^^^^^^^^^^^^^^^^^^^^^^
  File "/home/ubuntu/.openclaw/workspace/web-navigation-system/backend/venv/lib/python3.12/site-packages/flask/app.py", line 1486, in full_dispatch_request
    rv = self.handle_user_exception(e)
         ^^^^^^^^^^^^^^^^^^^^^^^^^^^^^
  File "/home/ubuntu/.openclaw/workspace/web-navigation-system/backend/venv/lib/python3.12/site-packages/flask_cors/extension.py", line 176, in wrapped_function
    return cors_after_request(app.make_response(f(*args, **kwargs)))
                                                ^^^^^^^^^^^^^^^^^^^^
  File "/home/ubuntu/.openclaw/workspace/web-navigation-system/backend/venv/lib/python3.12/site-packages/flask/app.py", line 1484, in full_dispatch_request
    rv = self.dispatch_request()
         ^^^^^^^^^^^^^^^^^^^^^^^
  File "/home/ubuntu/.openclaw/workspace/web-navigation-system/backend/venv/lib/python3.12/site-packages/flask/app.py", line 1469, in dispatch_request
    return self.ensure_sync(self.view_functions[rule.endpoint])(**view_args)
           ^^^^^^^^^^^^^^^^^^^^^^^^^^^^^^^^^^^^^^^^^^^^^^^^^^^^^^^^^^^^^^^^^
  File "/home/ubuntu/.openclaw/workspace/web-navigation-system/backend/app.py", line 273, in remove_favorite
    cursor.execute('DELETE FROM favorites WHERE site_id = ? AND user_id = ?',
sqlite3.OperationalError: no such table: favorites
127.0.0.1 - - [14/Mar/2026 16:14:10] "GET /api/news HTTP/1.1" 200 -
127.0.0.1 - - [14/Mar/2026 16:14:10] "GET /api/sites HTTP/1.1" 200 -
127.0.0.1 - - [14/Mar/2026 16:14:15] "GET /api/sites?category=work HTTP/1.1" 200 -
127.0.0.1 - - [14/Mar/2026 16:14:18] "GET /api/sites?category=study HTTP/1.1" 200 -
127.0.0.1 - - [14/Mar/2026 16:14:27] "GET /api/sites?category=entertainment HTTP/1.1" 200 -
127.0.0.1 - - [14/Mar/2026 16:19:25] "GET /api/sites?category=entertainment HTTP/1.1" 200 -
 * Detected change in '/home/ubuntu/.openclaw/workspace/web-navigation-system/backend/app.py', reloading
🐕 狗蛋导航系统后端服务启动中...
📊 API地址: http://localhost:5000
🔧 调试模式: 开启
 * Restarting with stat
 * Debugger is active!
 * Debugger PIN: 134-793-681
 * Detected change in '/home/ubuntu/.openclaw/workspace/web-navigation-system/backend/app.py', reloading
🐕 狗蛋导航系统后端服务启动中...
📊 API地址: http://localhost:5000
🔧 调试模式: 开启
 * Restarting with stat
 * Debugger is active!
 * Debugger PIN: 134-793-681
 * Detected change in '/home/ubuntu/.openclaw/workspace/web-navigation-system/backend/app.py', reloading
🐕 狗蛋导航系统后端服务启动中...
📊 API地址: http://localhost:5000
🔧 调试模式: 开启
 * Restarting with stat
 * Debugger is active!
 * Debugger PIN: 134-793-681
 * Detected change in '/home/ubuntu/.openclaw/workspace/web-navigation-system/backend/app.py', reloading
🐕 狗蛋导航系统后端服务启动中...
📊 API地址: http://localhost:5000
🔧 调试模式: 开启
 * Restarting with stat
 * Debugger is active!
 * Debugger PIN: 134-793-681
 * Detected change in '/home/ubuntu/.openclaw/workspace/web-navigation-system/backend/app.py', reloading
🐕 狗蛋导航系统后端服务启动中...
📊 API地址: http://localhost:5000
🔧 调试模式: 开启
 * Restarting with stat
 * Debugger is active!
 * Debugger PIN: 134-793-681
 * Detected change in '/home/ubuntu/.openclaw/workspace/web-navigation-system/backend/app.py', reloading
🐕 狗蛋导航系统后端服务启动中...
📊 API地址: http://localhost:5000
🔧 调试模式: 开启
 * Restarting with stat
 * Debugger is active!
 * Debugger PIN: 134-793-681
127.0.0.1 - - [14/Mar/2026 17:44:13] "GET /api/news HTTP/1.1" 200 -
127.0.0.1 - - [14/Mar/2026 17:44:13] "GET /api/sites HTTP/1.1" 200 -
127.0.0.1 - - [14/Mar/2026 17:46:01] "GET /api/news HTTP/1.1" 200 -
127.0.0.1 - - [14/Mar/2026 17:46:01] "GET /api/sites HTTP/1.1" 200 -
