[2026-03-25 04:10:38] 心跳检查完成 - 服务状态正常，新闻已更新，飞书推送失败（webhook token无效）
[2026-03-25 04:39:45] 心跳检查完成 - 服务状态正常，新闻内容已更新（04:09），飞书推送失败（HTTP 400错误）
[2026-03-25 05:39:27] 服务监控 - 发现前端服务停止，已自动重启 (PID: 66202)
[2026-03-25 06:09:48] 心跳检查完成 - 服务状态正常，新闻已更新（06:09），飞书推送失败（webhook token无效）
[2026-03-25 06:41:23] 心跳检查完成 - 服务状态正常，新闻内容已更新（06:09），飞书推送失败（HTTP 400错误）
[2026-03-25 09:10:01] 服务监控 - 所有服务正常运行
[2026-03-25 09:40:04] 服务监控 - 前后端服务运行正常
[2026-03-25 10:10:41] 服务监控 - 发现前端服务停止，已自动重启 (PID: 242117) | 新闻已更新（10:10），飞书推送失败（webhook token无效）
[2026-03-25 10:40:17] 心跳检查完成 - 服务状态正常，新闻内容已更新（10:10），飞书推送失败（通道不可用）
[2026-03-25 11:10:21] 服务监控 - 发现前端服务停止，已自动重启 (PID: 278605)
[2026-03-25 12:10:37] 心跳检查完成 - 服务状态正常，新闻已更新（12:10），飞书推送失败（webhook token无效）
[2026-03-25 12:40:14] 心跳检查完成 - 服务状态正常，新闻内容已更新（12:10），飞书推送失败（通道不可用）
[2026-03-25 13:10:02] 服务监控 - 前后端服务运行正常
[2026-03-25 14:56:46] 心跳检查完成 - 新闻已更新（14:56），飞书推送失败（webhook token无效）
[2026-03-25 15:27:05] 服务状态 - 前端服务实际运行中（PID: 383510），但status.sh检测异常
[2026-03-25 16:14:08] 心跳检查完成 - 新闻已更新（16:13），飞书推送失败（webhook token无效）
[2026-03-25 16:46:08] 心跳检查完成 - 服务状态正常，新闻内容已更新（16:13），飞书推送失败（HTTP 400错误）
[2026-03-25 17:17:17] 服务监控 - 前端服务实际运行中（PID: 383510），但status.sh检测异常
[2026-03-25 17:46:41] 服务状态检查 - 后端正常，前端状态异常（端口占用但状态显示未启动）
[2026-03-25 18:16:28] 心跳检查完成 - 新闻已更新（18:16），飞书推送失败（webhook token无效）
[2026-03-25 18:46:27] 心跳检查完成 - 服务状态正常，新闻内容已更新（18:16），飞书推送失败（HTTP 400错误）
[2026-03-25 23:20:03] 数据库备份完成 - 备份文件: navigation_backup_20260325_231956.db
[2026-03-25 23:50:05] 数据库备份完成 - 备份文件: navigation_backup_20260325_234958.db (68K)
[2026-03-26 00:20:45] 心跳检查完成 - 服务状态正常，新闻已更新（00:20），飞书推送失败（webhook token无效）
[2026-03-26 00:50:16] 心跳检查完成 - 服务状态正常，新闻内容已更新（00:20），飞书推送失败（HTTP 400错误）
[2026-03-26 02:20:43] 心跳检查完成 - 服务状态正常，新闻已更新（02:20），飞书推送失败（webhook token无效）
[2026-03-26 02:50:17] 心跳检查完成 - 服务状态正常，新闻内容已更新（02:20），飞书推送失败（HTTP 400错误）
[2026-03-26 03:49:53] 心跳检查完成 - 服务状态正常，奇数小时跳过新闻推送
